

Version:	3.10
CmdLine:	E:\java\Game\desktop\build\libs\game.exe --l4j-debug
WOW64:		yes
Working dir:	E:\java\Game\desktop\build\libs\.
Java min ver:	
Java max ver:	
Bundled JRE:	1.8.0
Check launcher:	E:\java\Game\desktop\build\libs\1.8.0\bin\javaw.exe (not found)
Error msg:	This application was configured to use a bundled Java Runtime Environment but the runtime is missing or corrupted.


Version:	3.10
CmdLine:	E:\java\Game\desktop\build\libs\game.exe --l4j-debug
WOW64:		yes
Working dir:	E:\java\Game\desktop\build\libs\.
Java min ver:	
Java max ver:	
Bundled JRE:	1.8.0
Check launcher:	E:\java\Game\desktop\build\libs\1.8.0\bin\javaw.exe (not found)
Error msg:	This application was configured to use a bundled Java Runtime Environment but the runtime is missing or corrupted.


Version:	3.10
CmdLine:	E:\java\Game\desktop\build\libs\game.exe --l4j-debug
WOW64:		yes
Working dir:	E:\java\Game\desktop\build\libs\.
Java min ver:	1.8.0
Java max ver:	
64-bit search:	SOFTWARE\JavaSoft\Java Runtime Environment...
Check:		SOFTWARE\JavaSoft\Java Runtime Environment\1.8
Ignore:		1.8
Check:		SOFTWARE\JavaSoft\Java Runtime Environment\1.8.0_101
Check launcher:	C:\Program Files\Java\jre1.8.0_101\bin\javaw.exe (OK)
Match:		1.8.0_101
Check:		SOFTWARE\JavaSoft\Java Runtime Environment\1.8.0_131
Check launcher:	C:\Program Files\Java\jre1.8.0_131\bin\javaw.exe (OK)
Match:		1.8.0_131
Check:		SOFTWARE\JavaSoft\Java Runtime Environment\1.8.0_161
Check launcher:	C:\Program Files\Java\jre1.8.0_161\bin\javaw.exe (OK)
Match:		1.8.0_161
64-bit search:	SOFTWARE\JavaSoft\Java Development Kit...
Check:		SOFTWARE\JavaSoft\Java Development Kit\1.8
Ignore:		1.8
Check:		SOFTWARE\JavaSoft\Java Development Kit\1.8.0_131
Ignore:		1.8.0_131
Check:		SOFTWARE\JavaSoft\Java Development Kit\1.8.0_161
Ignore:		1.8.0_161
64-bit search:	SOFTWARE\JavaSoft\JRE...
64-bit search:	SOFTWARE\JavaSoft\JDK...
Check:		SOFTWARE\JavaSoft\JDK\9.0.4
Check launcher:	C:\Program Files\Java\jdk-9.0.4\jre\bin\javaw.exe (not found)
Ignore:		9.0.4
Runtime used:	1.8.0_161 (64-bit)
Launcher:	C:\Program Files\Java\jre1.8.0_161\bin\javaw.exe
Launcher args:	-jar "E:\java\Game\desktop\build\libs\game.exe"
Args length:	47/32768 chars
Exit code:	0
